Arguments: 
  /Users/georgeknee/.nvm/versions/node/v12.16.3/bin/node /Users/georgeknee/.yvm/versions/v1.22.1/bin/yarn.js add -D @types/ganache

PATH: 
  /usr/local/opt/ruby/bin:/Users/georgeknee/.yvm/shim:/Users/georgeknee/.nvm/versions/node/v12.16.3/bin:/usr/local/bin:/usr/bin:/bin:/usr/sbin:/sbin:/Library/TeX/texbin:/usr/local/share/dotnet:~/.dotnet/tools:/Applications/Postgres.app/Contents/Versions/latest/bin:/Users/georgeknee/.cargo/bin

Yarn version: 
  1.22.1

Node version: 
  12.16.3

Platform: 
  darwin x64

Trace: 
  Error: https://registry.yarnpkg.com/@types%2fganache: Not found
      at Request.params.callback [as _callback] (/Users/georgeknee/.yvm/versions/v1.22.1/lib/cli.js:66982:18)
      at Request.self.callback (/Users/georgeknee/.yvm/versions/v1.22.1/lib/cli.js:140743:22)
      at Request.emit (events.js:310:20)
      at Request.<anonymous> (/Users/georgeknee/.yvm/versions/v1.22.1/lib/cli.js:141715:10)
      at Request.emit (events.js:310:20)
      at IncomingMessage.<anonymous> (/Users/georgeknee/.yvm/versions/v1.22.1/lib/cli.js:141637:12)
      at Object.onceWrapper (events.js:416:28)
      at IncomingMessage.emit (events.js:322:22)
      at endReadableNT (_stream_readable.js:1187:12)
      at processTicksAndRejections (internal/process/task_queues.js:84:21)

npm manifest: 
  {
    "name": "cross-chain",
    "version": "0.0.0",
    "description": "Cross chain transfers using Nitro protocol",
    "main": "index.ts",
    "author": "geoknee <georgeknee@googlemail.com>",
    "license": "MIT",
    "private": true,
    "type": "module",
    "dependencies": {
      "@statechannels/nitro-protocol": "^0.16.0",
      "ethers": "^5.0.31",
      "ganache": "^6.4.4",
      "ts-node": "^9.1.1",
      "typescript": "^4.2.3"
    }
  }

yarn manifest: 
  No manifest

Lockfile: 
  # THIS IS AN AUTOGENERATED FILE. DO NOT EDIT THIS FILE DIRECTLY.
  # yarn lockfile v1
  
  
  "@ethersproject/abi@5.0.12", "@ethersproject/abi@^5.0.10", "@ethersproject/abi@^5.0.3":
    version "5.0.12"
    resolved "https://registry.yarnpkg.com/@ethersproject/abi/-/abi-5.0.12.tgz#9aebe6aedc05ce45bb6c41b06d80bd195b7de77c"
    integrity sha512-Ujr/3bwyYYjXLDQfebeiiTuvOw9XtUKM8av6YkoBeMXyGQM9GkjrQlwJMNwGTmqjATH/ZNbRgCh98GjOLiIB1Q==
    dependencies:
      "@ethersproject/address" "^5.0.9"
      "@ethersproject/bignumber" "^5.0.13"
      "@ethersproject/bytes" "^5.0.9"
      "@ethersproject/constants" "^5.0.8"
      "@ethersproject/hash" "^5.0.10"
      "@ethersproject/keccak256" "^5.0.7"
      "@ethersproject/logger" "^5.0.8"
      "@ethersproject/properties" "^5.0.7"
      "@ethersproject/strings" "^5.0.8"
  
  "@ethersproject/abstract-provider@5.0.9", "@ethersproject/abstract-provider@^5.0.3", "@ethersproject/abstract-provider@^5.0.8":
    version "5.0.9"
    resolved "https://registry.yarnpkg.com/@ethersproject/abstract-provider/-/abstract-provider-5.0.9.tgz#a55410b73e3994842884eb82b1f43e3a9f653eea"
    integrity sha512-X9fMkqpeu9ayC3JyBkeeZhn35P4xQkpGX/l+FrxDtEW9tybf/UWXSMi8bGThpPtfJ6q6U2LDetXSpSwK4TfYQQ==
    dependencies:
      "@ethersproject/bignumber" "^5.0.13"
      "@ethersproject/bytes" "^5.0.9"
      "@ethersproject/logger" "^5.0.8"
      "@ethersproject/networks" "^5.0.7"
      "@ethersproject/properties" "^5.0.7"
      "@ethersproject/transactions" "^5.0.9"
      "@ethersproject/web" "^5.0.12"
  
  "@ethersproject/abstract-signer@5.0.13", "@ethersproject/abstract-signer@^5.0.10", "@ethersproject/abstract-signer@^5.0.3":
    version "5.0.13"
    resolved "https://registry.yarnpkg.com/@ethersproject/abstract-signer/-/abstract-signer-5.0.13.tgz#59b4d0367d6327ec53bc269c6730c44a4a3b043c"
    integrity sha512-VBIZEI5OK0TURoCYyw0t3w+TEO4kdwnI9wvt4kqUwyxSn3YCRpXYVl0Xoe7XBR/e5+nYOi2MyFGJ3tsFwONecQ==
    dependencies:
      "@ethersproject/abstract-provider" "^5.0.8"
      "@ethersproject/bignumber" "^5.0.13"
      "@ethersproject/bytes" "^5.0.9"
      "@ethersproject/logger" "^5.0.8"
      "@ethersproject/properties" "^5.0.7"
  
  "@ethersproject/address@5.0.10", "@ethersproject/address@^5.0.3", "@ethersproject/address@^5.0.9":
    version "5.0.10"
    resolved "https://registry.yarnpkg.com/@ethersproject/address/-/address-5.0.10.tgz#2bc69fdff4408e0570471cd19dee577ab06a10d0"
    integrity sha512-70vqESmW5Srua1kMDIN6uVfdneZMaMyRYH4qPvkAXGkbicrCOsA9m01vIloA4wYiiF+HLEfL1ENKdn5jb9xiAw==
    dependencies:
      "@ethersproject/bignumber" "^5.0.13"
      "@ethersproject/bytes" "^5.0.9"
      "@ethersproject/keccak256" "^5.0.7"
      "@ethersproject/logger" "^5.0.8"
      "@ethersproject/rlp" "^5.0.7"
  
  "@ethersproject/base64@5.0.8", "@ethersproject/base64@^5.0.3", "@ethersproject/base64@^5.0.7":
    version "5.0.8"
    resolved "https://registry.yarnpkg.com/@ethersproject/base64/-/base64-5.0.8.tgz#1bc4b4b8c59c1debf972c7164b96c0b8964a20a1"
    integrity sha512-PNbpHOMgZpZ1skvQl119pV2YkCPXmZTxw+T92qX0z7zaMFPypXWTZBzim+hUceb//zx4DFjeGT4aSjZRTOYThg==
    dependencies:
      "@ethersproject/bytes" "^5.0.9"
  
  "@ethersproject/basex@5.0.8", "@ethersproject/basex@^5.0.3", "@ethersproject/basex@^5.0.7":
    version "5.0.8"
    resolved "https://registry.yarnpkg.com/@ethersproject/basex/-/basex-5.0.8.tgz#6867fad20047aa29fbd4b880f27894ed04cc7bb8"
    integrity sha512-PCVKZIShBQUqAXjJSvaCidThPvL0jaaQZcewJc0sf8Xx05BizaOS8r3jdPdpNdY+/qZtRDqwHTSKjvR/xssyLQ==
    dependencies:
      "@ethersproject/bytes" "^5.0.9"
      "@ethersproject/properties" "^5.0.7"
  
  "@ethersproject/bignumber@5.0.14", "@ethersproject/bignumber@^5.0.13", "@ethersproject/bignumber@^5.0.6":
    version "5.0.14"
    resolved "https://registry.yarnpkg.com/@ethersproject/bignumber/-/bignumber-5.0.14.tgz#605bc61dcbd4a8c6df8b5a7a77c0210273f3de8a"
    integrity sha512-Q4TjMq9Gg3Xzj0aeJWqJgI3tdEiPiET7Y5OtNtjTAODZ2kp4y9jMNg97zVcvPedFvGROdpGDyCI77JDFodUzOw==
    dependencies:
      "@ethersproject/bytes" "^5.0.9"
      "@ethersproject/logger" "^5.0.8"
      bn.js "^4.4.0"
  
  "@ethersproject/bytes@5.0.10", "@ethersproject/bytes@^5.0.4", "@ethersproject/bytes@^5.0.9":
    version "5.0.10"
    resolved "https://registry.yarnpkg.com/@ethersproject/bytes/-/bytes-5.0.10.tgz#aa49afe7491ba24ff76fa33d98677351263f9ba4"
    integrity sha512-vpu0v1LZ1j1s9kERQIMnVU69MyHEzUff7nqK9XuCU4vx+AM8n9lU2gj7jtJIvGSt9HzatK/6I6bWusI5nyuaTA==
    dependencies:
      "@ethersproject/logger" "^5.0.8"
  
  "@ethersproject/constants@5.0.9", "@ethersproject/constants@^5.0.3", "@ethersproject/constants@^5.0.8":
    version "5.0.9"
    resolved "https://registry.yarnpkg.com/@ethersproject/constants/-/constants-5.0.9.tgz#81ac44c3bf612de63eb1c490b314ea1b932cda9f"
    integrity sha512-2uAKH89UcaJP/Sc+54u92BtJtZ4cPgcS1p0YbB1L3tlkavwNvth+kNCUplIB1Becqs7BOZr0B/3dMNjhJDy4Dg==
    dependencies:
      "@ethersproject/bignumber" "^5.0.13"
  
  "@ethersproject/contracts@5.0.11", "@ethersproject/contracts@^5.0.3":
    version "5.0.11"
    resolved "https://registry.yarnpkg.com/@ethersproject/contracts/-/contracts-5.0.11.tgz#e6cc57698a05be2329cb2ca3d7e87686f95e438a"
    integrity sha512-FTUUd/6x00dYL2VufE2VowZ7h3mAyBfCQMGwI3tKDIWka+C0CunllFiKrlYCdiHFuVeMotR65dIcnzbLn72MCw==
    dependencies:
      "@ethersproject/abi" "^5.0.10"
      "@ethersproject/abstract-provider" "^5.0.8"
      "@ethersproject/abstract-signer" "^5.0.10"
      "@ethersproject/address" "^5.0.9"
      "@ethersproject/bignumber" "^5.0.13"
      "@ethersproject/bytes" "^5.0.9"
      "@ethersproject/constants" "^5.0.8"
      "@ethersproject/logger" "^5.0.8"
      "@ethersproject/properties" "^5.0.7"
  
  "@ethersproject/hash@5.0.11", "@ethersproject/hash@^5.0.10", "@ethersproject/hash@^5.0.3":
    version "5.0.11"
    resolved "https://registry.yarnpkg.com/@ethersproject/hash/-/hash-5.0.11.tgz#da89517438bbbf8a39df56fff09f0a71669ae7a7"
    integrity sha512-H3KJ9fk33XWJ2djAW03IL7fg3DsDMYjO1XijiUb1hJ85vYfhvxu0OmsU7d3tg2Uv1H1kFSo8ghr3WFQ8c+NL3g==
    dependencies:
      "@ethersproject/abstract-signer" "^5.0.10"
      "@ethersproject/address" "^5.0.9"
      "@ethersproject/bignumber" "^5.0.13"
      "@ethersproject/bytes" "^5.0.9"
      "@ethersproject/keccak256" "^5.0.7"
      "@ethersproject/logger" "^5.0.8"
      "@ethersproject/properties" "^5.0.7"
      "@ethersproject/strings" "^5.0.8"
  
  "@ethersproject/hdnode@5.0.9", "@ethersproject/hdnode@^5.0.3", "@ethersproject/hdnode@^5.0.8":
    version "5.0.9"
    resolved "https://registry.yarnpkg.com/@ethersproject/hdnode/-/hdnode-5.0.9.tgz#ce65b430d3d3f0cd3c8f9dfaaf376b55881d9dba"
    integrity sha512-S5UMmIC6XfFtqhUK4uTjD8GPNzSbE+sZ/0VMqFnA3zAJ+cEFZuEyhZDYnl2ItGJzjT4jsy+uEy1SIl3baYK1PQ==
    dependencies:
      "@ethersproject/abstract-signer" "^5.0.10"
      "@ethersproject/basex" "^5.0.7"
      "@ethersproject/bignumber" "^5.0.13"
      "@ethersproject/bytes" "^5.0.9"
      "@ethersproject/logger" "^5.0.8"
      "@ethersproject/pbkdf2" "^5.0.7"
      "@ethersproject/properties" "^5.0.7"
      "@ethersproject/sha2" "^5.0.7"
      "@ethersproject/signing-key" "^5.0.8"
      "@ethersproject/strings" "^5.0.8"
      "@ethersproject/transactions" "^5.0.9"
      "@ethersproject/wordlists" "^5.0.8"
  
  "@ethersproject/json-wallets@5.0.11", "@ethersproject/json-wallets@^5.0.10", "@ethersproject/json-wallets@^5.0.5":
    version "5.0.11"
    resolved "https://registry.yarnpkg.com/@ethersproject/json-wallets/-/json-wallets-5.0.11.tgz#86fdc41b7762acb443d6a896f6c61231ab2aee5d"
    integrity sha512-0GhWScWUlXXb4qJNp0wmkU95QS3YdN9UMOfMSEl76CRANWWrmyzxcBVSXSBu5iQ0/W8wO+xGlJJ3tpA6v3mbIw==
    dependencies:
      "@ethersproject/abstract-signer" "^5.0.10"
      "@ethersproject/address" "^5.0.9"
      "@ethersproject/bytes" "^5.0.9"
      "@ethersproject/hdnode" "^5.0.8"
      "@ethersproject/keccak256" "^5.0.7"
      "@ethersproject/logger" "^5.0.8"
      "@ethersproject/pbkdf2" "^5.0.7"
      "@ethersproject/properties" "^5.0.7"
      "@ethersproject/random" "^5.0.7"
      "@ethersproject/strings" "^5.0.8"
      "@ethersproject/transactions" "^5.0.9"
      aes-js "3.0.0"
      scrypt-js "3.0.1"
  
  "@ethersproject/keccak256@5.0.8", "@ethersproject/keccak256@^5.0.3", "@ethersproject/keccak256@^5.0.7":
    version "5.0.8"
    resolved "https://registry.yarnpkg.com/@ethersproject/keccak256/-/keccak256-5.0.8.tgz#13aaf69e1c8bd15fc59a2ebd055c0878f2a059c8"
    integrity sha512-zoGbwXcWWs9MX4NOAZ7N0hhgIRl4Q/IO/u9c/RHRY4WqDy3Ywm0OLamEV53QDwhjwn3YiiVwU1Ve5j7yJ0a/KQ==
    dependencies:
      "@ethersproject/bytes" "^5.0.9"
      js-sha3 "0.5.7"
  
  "@ethersproject/logger@5.0.9", "@ethersproject/logger@^5.0.5", "@ethersproject/logger@^5.0.8":
    version "5.0.9"
    resolved "https://registry.yarnpkg.com/@ethersproject/logger/-/logger-5.0.9.tgz#0e6a0b3ecc938713016954daf4ac7967467aa763"
    integrity sha512-kV3Uamv3XOH99Xf3kpIG3ZkS7mBNYcLDM00JSDtNgNB4BihuyxpQzIZPRIDmRi+95Z/R1Bb0X2kUNHa/kJoVrw==
  
  "@ethersproject/networks@5.0.8", "@ethersproject/networks@^5.0.3", "@ethersproject/networks@^5.0.7":
    version "5.0.8"
    resolved "https://registry.yarnpkg.com/@ethersproject/networks/-/networks-5.0.8.tgz#37e6f8c058f2d540373ea5939056cd3de069132e"
    integrity sha512-PYpptlO2Tu5f/JEBI5hdlMds5k1DY1QwVbh3LKPb3un9dQA2bC51vd2/gRWAgSBpF3kkmZOj4FhD7ATLX4H+DA==
    dependencies:
      "@ethersproject/logger" "^5.0.8"
  
  "@ethersproject/pbkdf2@5.0.8", "@ethersproject/pbkdf2@^5.0.3", "@ethersproject/pbkdf2@^5.0.7":
    version "5.0.8"
    resolved "https://registry.yarnpkg.com/@ethersproject/pbkdf2/-/pbkdf2-5.0.8.tgz#06a086b1ac04c75e6846afd6cf6170a49a634411"
    integrity sha512-UlmAMGbIPaS2xXsI38FbePVTfJMuU9jnwcqVn3p88HxPF4kD897ha+l3TNsBqJqf32UbQL5GImnf1oJkSKq4vQ==
    dependencies:
      "@ethersproject/bytes" "^5.0.9"
      "@ethersproject/sha2" "^5.0.7"
  
  "@ethersproject/properties@5.0.8", "@ethersproject/properties@^5.0.3", "@ethersproject/properties@^5.0.7":
    version "5.0.8"
    resolved "https://registry.yarnpkg.com/@ethersproject/properties/-/properties-5.0.8.tgz#e45d28d25402c73394873dbf058f856c966cae01"
    integrity sha512-zEnLMze2Eu2VDPj/05QwCwMKHh506gpT9PP9KPVd4dDB+5d6AcROUYVLoIIQgBYK7X/Gw0UJmG3oVtnxOQafAw==
    dependencies:
      "@ethersproject/logger" "^5.0.8"
  
  "@ethersproject/providers@5.0.23", "@ethersproject/providers@^5.0.6":
    version "5.0.23"
    resolved "https://registry.yarnpkg.com/@ethersproject/providers/-/providers-5.0.23.tgz#1e26512303d60bbd557242532fdb5fa3c5d5fb73"
    integrity sha512-eJ94z2tgPaUgUmxwd3BVkIzkgkbNIkY6wRPVas04LVaBTycObQbgj794aaUu2bfk7+Bn2B/gjUZtJW1ybxh9/A==
    dependencies:
      "@ethersproject/abstract-provider" "^5.0.8"
      "@ethersproject/abstract-signer" "^5.0.10"
      "@ethersproject/address" "^5.0.9"
      "@ethersproject/basex" "^5.0.7"
      "@ethersproject/bignumber" "^5.0.13"
      "@ethersproject/bytes" "^5.0.9"
      "@ethersproject/constants" "^5.0.8"
      "@ethersproject/hash" "^5.0.10"
      "@ethersproject/logger" "^5.0.8"
      "@ethersproject/networks" "^5.0.7"
      "@ethersproject/properties" "^5.0.7"
      "@ethersproject/random" "^5.0.7"
      "@ethersproject/rlp" "^5.0.7"
      "@ethersproject/sha2" "^5.0.7"
      "@ethersproject/strings" "^5.0.8"
      "@ethersproject/transactions" "^5.0.9"
      "@ethersproject/web" "^5.0.12"
      bech32 "1.1.4"
      ws "7.2.3"
  
  "@ethersproject/random@5.0.8", "@ethersproject/random@^5.0.3", "@ethersproject/random@^5.0.7":
    version "5.0.8"
    resolved "https://registry.yarnpkg.com/@ethersproject/random/-/random-5.0.8.tgz#8d3726be48e95467abce9b23c93adbb1de009dda"
    integrity sha512-4rHtotmd9NjklW0eDvByicEkL+qareIyFSbG1ShC8tPJJSAC0g55oQWzw+3nfdRCgBHRuEE7S8EcPcTVPvZ9cA==
    dependencies:
      "@ethersproject/bytes" "^5.0.9"
      "@ethersproject/logger" "^5.0.8"
  
  "@ethersproject/rlp@5.0.8", "@ethersproject/rlp@^5.0.3", "@ethersproject/rlp@^5.0.7":
    version "5.0.8"
    resolved "https://registry.yarnpkg.com/@ethersproject/rlp/-/rlp-5.0.8.tgz#ff54e206d0ae28640dd054f2bcc7070f06f9dfbe"
    integrity sha512-E4wdFs8xRNJfzNHmnkC8w5fPeT4Wd1U2cust3YeT16/46iSkLT8nn8ilidC6KhR7hfuSZE4UqSPzyk76p7cdZg==
    dependencies:
      "@ethersproject/bytes" "^5.0.9"
      "@ethersproject/logger" "^5.0.8"
  
  "@ethersproject/sha2@5.0.8", "@ethersproject/sha2@^5.0.3", "@ethersproject/sha2@^5.0.7":
    version "5.0.8"
    resolved "https://registry.yarnpkg.com/@ethersproject/sha2/-/sha2-5.0.8.tgz#9903c67e562739d8b312820b0a265b9c9bf35fc3"
    integrity sha512-ILP1ZgyvDj4rrdE+AXrTv9V88m7x87uga2VZ/FeULKPumOEw/4bGnJz/oQ8zDnDvVYRCJ+48VaQBS2CFLbk1ww==
    dependencies:
      "@ethersproject/bytes" "^5.0.9"
      "@ethersproject/logger" "^5.0.8"
      hash.js "1.1.3"
  
  "@ethersproject/signing-key@5.0.10", "@ethersproject/signing-key@^5.0.4", "@ethersproject/signing-key@^5.0.8":
    version "5.0.10"
    resolved "https://registry.yarnpkg.com/@ethersproject/signing-key/-/signing-key-5.0.10.tgz#05e26e04f0aa5360dc78674d7331bacea8fea5c1"
    integrity sha512-w5it3GbFOvN6e0mTd5gDNj+bwSe6L9jqqYjU+uaYS8/hAEp4qYLk5p8ZjbJJkNn7u1p0iwocp8X9oH/OdK8apA==
    dependencies:
      "@ethersproject/bytes" "^5.0.9"
      "@ethersproject/logger" "^5.0.8"
      "@ethersproject/properties" "^5.0.7"
      elliptic "6.5.4"
  
  "@ethersproject/solidity@5.0.9", "@ethersproject/solidity@^5.0.3":
    version "5.0.9"
    resolved "https://registry.yarnpkg.com/@ethersproject/solidity/-/solidity-5.0.9.tgz#49100fbe9f364ac56f7ff7c726f4f3d151901134"
    integrity sha512-LIxSAYEQgLRXE3mRPCq39ou61kqP8fDrGqEeNcaNJS3aLbmAOS8MZp56uK++WsdI9hj8sNsFh78hrAa6zR9Jag==
    dependencies:
      "@ethersproject/bignumber" "^5.0.13"
      "@ethersproject/bytes" "^5.0.9"
      "@ethersproject/keccak256" "^5.0.7"
      "@ethersproject/sha2" "^5.0.7"
      "@ethersproject/strings" "^5.0.8"
  
  "@ethersproject/strings@5.0.9", "@ethersproject/strings@^5.0.3", "@ethersproject/strings@^5.0.8":
    version "5.0.9"
    resolved "https://registry.yarnpkg.com/@ethersproject/strings/-/strings-5.0.9.tgz#8e2eb2918b140231e1d1b883d77e43213a8ac280"
    integrity sha512-ogxBpcUpdO524CYs841MoJHgHxEPUy0bJFDS4Ezg8My+WYVMfVAOlZSLss0Rurbeeam8CpUVDzM4zUn09SU66Q==
    dependencies:
      "@ethersproject/bytes" "^5.0.9"
      "@ethersproject/constants" "^5.0.8"
      "@ethersproject/logger" "^5.0.8"
  
  "@ethersproject/transactions@5.0.10", "@ethersproject/transactions@^5.0.3", "@ethersproject/transactions@^5.0.9":
    version "5.0.10"
    resolved "https://registry.yarnpkg.com/@ethersproject/transactions/-/transactions-5.0.10.tgz#d50cafd80d27206336f80114bc0f18bc18687331"
    integrity sha512-Tqpp+vKYQyQdJQQk4M73tDzO7ODf2D42/sJOcKlDAAbdSni13v6a+31hUdo02qYXhVYwIs+ZjHnO4zKv5BNk8w==
    dependencies:
      "@ethersproject/address" "^5.0.9"
      "@ethersproject/bignumber" "^5.0.13"
      "@ethersproject/bytes" "^5.0.9"
      "@ethersproject/constants" "^5.0.8"
      "@ethersproject/keccak256" "^5.0.7"
      "@ethersproject/logger" "^5.0.8"
      "@ethersproject/properties" "^5.0.7"
      "@ethersproject/rlp" "^5.0.7"
      "@ethersproject/signing-key" "^5.0.8"
  
  "@ethersproject/units@5.0.10", "@ethersproject/units@^5.0.3":
    version "5.0.10"
    resolved "https://registry.yarnpkg.com/@ethersproject/units/-/units-5.0.10.tgz#9cca3b65cd0c92fab1bd33f2abd233546dd61987"
    integrity sha512-eaiHi9ham5lbC7qpqxpae7OY/nHJUnRUnFFuEwi2VB5Nwe3Np468OAV+e+HR+jAK4fHXQE6PFBTxWGtnZuO37g==
    dependencies:
      "@ethersproject/bignumber" "^5.0.13"
      "@ethersproject/constants" "^5.0.8"
      "@ethersproject/logger" "^5.0.8"
  
  "@ethersproject/wallet@5.0.11", "@ethersproject/wallet@^5.0.3":
    version "5.0.11"
    resolved "https://registry.yarnpkg.com/@ethersproject/wallet/-/wallet-5.0.11.tgz#9891936089d1b91e22ed59f850bc344b1544bf26"
    integrity sha512-2Fg/DOvUltR7aZTOyWWlQhru+SKvq2UE3uEhXSyCFgMqDQNuc2nHXh1SHJtN65jsEbjVIppOe1Q7EQMvhmeeRw==
    dependencies:
      "@ethersproject/abstract-provider" "^5.0.8"
      "@ethersproject/abstract-signer" "^5.0.10"
      "@ethersproject/address" "^5.0.9"
      "@ethersproject/bignumber" "^5.0.13"
      "@ethersproject/bytes" "^5.0.9"
      "@ethersproject/hash" "^5.0.10"
      "@ethersproject/hdnode" "^5.0.8"
      "@ethersproject/json-wallets" "^5.0.10"
      "@ethersproject/keccak256" "^5.0.7"
      "@ethersproject/logger" "^5.0.8"
      "@ethersproject/properties" "^5.0.7"
      "@ethersproject/random" "^5.0.7"
      "@ethersproject/signing-key" "^5.0.8"
      "@ethersproject/transactions" "^5.0.9"
      "@ethersproject/wordlists" "^5.0.8"
  
  "@ethersproject/web@5.0.13", "@ethersproject/web@^5.0.12", "@ethersproject/web@^5.0.4":
    version "5.0.13"
    resolved "https://registry.yarnpkg.com/@ethersproject/web/-/web-5.0.13.tgz#5a92ac6d835d2ebce95b6b645a86668736e2f532"
    integrity sha512-G3x/Ns7pQm21ALnWLbdBI5XkW/jrsbXXffI9hKNPHqf59mTxHYtlNiSwxdoTSwCef3Hn7uvGZpaSgTyxs7IufQ==
    dependencies:
      "@ethersproject/base64" "^5.0.7"
      "@ethersproject/bytes" "^5.0.9"
      "@ethersproject/logger" "^5.0.8"
      "@ethersproject/properties" "^5.0.7"
      "@ethersproject/strings" "^5.0.8"
  
  "@ethersproject/wordlists@5.0.9", "@ethersproject/wordlists@^5.0.3", "@ethersproject/wordlists@^5.0.8":
    version "5.0.9"
    resolved "https://registry.yarnpkg.com/@ethersproject/wordlists/-/wordlists-5.0.9.tgz#f16cc0b317637c3ae9c689ebd7bc2cbbffadd013"
    integrity sha512-Sn6MTjZkfbriod6GG6+p43W09HOXT4gwcDVNj0YoPYlo4Zq2Fk6b1CU9KUX3c6aI17PrgYb4qwZm5BMuORyqyQ==
    dependencies:
      "@ethersproject/bytes" "^5.0.9"
      "@ethersproject/hash" "^5.0.10"
      "@ethersproject/logger" "^5.0.8"
      "@ethersproject/properties" "^5.0.7"
      "@ethersproject/strings" "^5.0.8"
  
  "@openzeppelin/contracts@3.2.2-solc-0.7":
    version "3.2.2-solc-0.7"
    resolved "https://registry.yarnpkg.com/@openzeppelin/contracts/-/contracts-3.2.2-solc-0.7.tgz#8ab169da64438d59f47ca285f1a10efe2f9ba19e"
    integrity sha512-vFV53E4pvfsAEjzL9Um2VX9MEuXyq7Hyd9JjnP77AGsrEPxkJaYS06zZIVyhAt3rXTM6QGdW0C282Zv7fM93AA==
  
  "@statechannels/nitro-protocol@^0.16.0":
    version "0.16.0"
    resolved "https://registry.yarnpkg.com/@statechannels/nitro-protocol/-/nitro-protocol-0.16.0.tgz#70127a1971bd73d0555a9108b096be1297e7e5a1"
    integrity sha512-LwVAqjXcwOqb5XqDtwoIjdVweNMjiQ8PcwQNEdyvb3OaE7dJ4aIXzipzAG1lSY5AAzv/0QEsxswNY9kf62Zgmg==
    dependencies:
      "@openzeppelin/contracts" "3.2.2-solc-0.7"
      ethers "5.0.12"
      lodash.isequal "^4.5.0"
      lodash.pick "4.4.0"
      lodash.shuffle "^4.2.0"
  
  aes-js@3.0.0:
    version "3.0.0"
    resolved "https://registry.yarnpkg.com/aes-js/-/aes-js-3.0.0.tgz#e21df10ad6c2053295bcbb8dab40b09dbea87e4d"
    integrity sha1-4h3xCtbCBTKVvLuNq0Cwnb6ofk0=
  
  arg@^4.1.0:
    version "4.1.3"
    resolved "https://registry.yarnpkg.com/arg/-/arg-4.1.3.tgz#269fc7ad5b8e42cb63c896d5666017261c144089"
    integrity sha512-58S9QDqG0Xx27YwPSt9fJxivjYl432YCwfDMfZ+71RAqUrZef7LrKQZ3LHLOwCS4FLNBplP533Zx895SeOCHvA==
  
  bech32@1.1.4:
    version "1.1.4"
    resolved "https://registry.yarnpkg.com/bech32/-/bech32-1.1.4.tgz#e38c9f37bf179b8eb16ae3a772b40c356d4832e9"
    integrity sha512-s0IrSOzLlbvX7yp4WBfPITzpAU8sqQcpsmwXDiKwrG4r491vwCO/XpejasRNl0piBMe/DvP4Tz0mIS/X1DPJBQ==
  
  bn.js@^4.11.9, bn.js@^4.4.0:
    version "4.12.0"
    resolved "https://registry.yarnpkg.com/bn.js/-/bn.js-4.12.0.tgz#775b3f278efbb9718eec7361f483fb36fbbfea88"
    integrity sha512-c98Bf3tPniI+scsdk237ku1Dc3ujXQTSgyiPUDEOe7tRkhrqridvh8klBv0HCEso1OLOYcHuCv/cS6DNxKH+ZA==
  
  brorand@^1.1.0:
    version "1.1.0"
    resolved "https://registry.yarnpkg.com/brorand/-/brorand-1.1.0.tgz#12c25efe40a45e3c323eb8675a0a0ce57b22371f"
    integrity sha1-EsJe/kCkXjwyPrhnWgoM5XsiNx8=
  
  buffer-from@^1.0.0:
    version "1.1.1"
    resolved "https://registry.yarnpkg.com/buffer-from/-/buffer-from-1.1.1.tgz#32713bc028f75c02fdb710d7c7bcec1f2c6070ef"
    integrity sha512-MQcXEUbCKtEo7bhqEs6560Hyd4XaovZlO/k9V3hjVUF/zwW7KBVdSK4gIt/bzwS9MbR5qob+F5jusZsb0YQK2A==
  
  create-require@^1.1.0:
    version "1.1.1"
    resolved "https://registry.yarnpkg.com/create-require/-/create-require-1.1.1.tgz#c1d7e8f1e5f6cfc9ff65f9cd352d37348756c333"
    integrity sha512-dcKFX3jn0MpIaXjisoRvexIJVEKzaq7z2rZKxf+MSr9TkdmHmsU4m2lcLojrj/FHl8mk5VxMmYA+ftRkP/3oKQ==
  
  diff@^4.0.1:
    version "4.0.2"
    resolved "https://registry.yarnpkg.com/diff/-/diff-4.0.2.tgz#60f3aecb89d5fae520c11aa19efc2bb982aade7d"
    integrity sha512-58lmxKSA4BNyLz+HHMUzlOEpg09FV+ev6ZMe3vJihgdxzgcwZ8VoEEPmALCZG9LmqfVoNMMKpttIYTVG6uDY7A==
  
  elliptic@6.5.4:
    version "6.5.4"
    resolved "https://registry.yarnpkg.com/elliptic/-/elliptic-6.5.4.tgz#da37cebd31e79a1367e941b592ed1fbebd58abbb"
    integrity sha512-iLhC6ULemrljPZb+QutR5TQGB+pdW6KGD5RSegS+8sorOZT+rdQFbsQFJgvN3eRqNALqJer4oQ16YvJHlU8hzQ==
    dependencies:
      bn.js "^4.11.9"
      brorand "^1.1.0"
      hash.js "^1.0.0"
      hmac-drbg "^1.0.1"
      inherits "^2.0.4"
      minimalistic-assert "^1.0.1"
      minimalistic-crypto-utils "^1.0.1"
  
  ethers@5.0.12:
    version "5.0.12"
    resolved "https://registry.yarnpkg.com/ethers/-/ethers-5.0.12.tgz#8986cf53a425d1a00af6bda886e9098b0448d1fb"
    integrity sha512-mgF1ZLd1y5r+hS1IPATKwKx5k/PCSqz4PEQjMR+er+Hhu6IefVVcoYATUMjmK4FG+3PAkorRMA9rJ4Y/fdW0UA==
    dependencies:
      "@ethersproject/abi" "^5.0.3"
      "@ethersproject/abstract-provider" "^5.0.3"
      "@ethersproject/abstract-signer" "^5.0.3"
      "@ethersproject/address" "^5.0.3"
      "@ethersproject/base64" "^5.0.3"
      "@ethersproject/basex" "^5.0.3"
      "@ethersproject/bignumber" "^5.0.6"
      "@ethersproject/bytes" "^5.0.4"
      "@ethersproject/constants" "^5.0.3"
      "@ethersproject/contracts" "^5.0.3"
      "@ethersproject/hash" "^5.0.3"
      "@ethersproject/hdnode" "^5.0.3"
      "@ethersproject/json-wallets" "^5.0.5"
      "@ethersproject/keccak256" "^5.0.3"
      "@ethersproject/logger" "^5.0.5"
      "@ethersproject/networks" "^5.0.3"
      "@ethersproject/pbkdf2" "^5.0.3"
      "@ethersproject/properties" "^5.0.3"
      "@ethersproject/providers" "^5.0.6"
      "@ethersproject/random" "^5.0.3"
      "@ethersproject/rlp" "^5.0.3"
      "@ethersproject/sha2" "^5.0.3"
      "@ethersproject/signing-key" "^5.0.4"
      "@ethersproject/solidity" "^5.0.3"
      "@ethersproject/strings" "^5.0.3"
      "@ethersproject/transactions" "^5.0.3"
      "@ethersproject/units" "^5.0.3"
      "@ethersproject/wallet" "^5.0.3"
      "@ethersproject/web" "^5.0.4"
      "@ethersproject/wordlists" "^5.0.3"
  
  ethers@^5.0.31:
    version "5.0.31"
    resolved "https://registry.yarnpkg.com/ethers/-/ethers-5.0.31.tgz#60e3b1425864fe5d2babc147ede01be8382a7d2a"
    integrity sha512-zpq0YbNFLFn+t+ibS8UkVWFeK5w6rVMSvbSHrHAQslfazovLnQ/mc2gdN5+6P45/k8fPgHrfHrYvJ4XvyK/S1A==
    dependencies:
      "@ethersproject/abi" "5.0.12"
      "@ethersproject/abstract-provider" "5.0.9"
      "@ethersproject/abstract-signer" "5.0.13"
      "@ethersproject/address" "5.0.10"
      "@ethersproject/base64" "5.0.8"
      "@ethersproject/basex" "5.0.8"
      "@ethersproject/bignumber" "5.0.14"
      "@ethersproject/bytes" "5.0.10"
      "@ethersproject/constants" "5.0.9"
      "@ethersproject/contracts" "5.0.11"
      "@ethersproject/hash" "5.0.11"
      "@ethersproject/hdnode" "5.0.9"
      "@ethersproject/json-wallets" "5.0.11"
      "@ethersproject/keccak256" "5.0.8"
      "@ethersproject/logger" "5.0.9"
      "@ethersproject/networks" "5.0.8"
      "@ethersproject/pbkdf2" "5.0.8"
      "@ethersproject/properties" "5.0.8"
      "@ethersproject/providers" "5.0.23"
      "@ethersproject/random" "5.0.8"
      "@ethersproject/rlp" "5.0.8"
      "@ethersproject/sha2" "5.0.8"
      "@ethersproject/signing-key" "5.0.10"
      "@ethersproject/solidity" "5.0.9"
      "@ethersproject/strings" "5.0.9"
      "@ethersproject/transactions" "5.0.10"
      "@ethersproject/units" "5.0.10"
      "@ethersproject/wallet" "5.0.11"
      "@ethersproject/web" "5.0.13"
      "@ethersproject/wordlists" "5.0.9"
  
  ganache@^6.4.4:
    version "6.4.4"
    resolved "https://registry.yarnpkg.com/ganache/-/ganache-6.4.4.tgz#efb3eb5157b8987e5213584f24090322827c3521"
    integrity sha512-uBCxKuyj1SSjz/iONMk1ZiHr1wf0bPG5E+qSO2lxyDq+dtZ5d/VvW6iKtg9bWikhG8hd1jU7kRkoS5f4q7FrWQ==
  
  hash.js@1.1.3:
    version "1.1.3"
    resolved "https://registry.yarnpkg.com/hash.js/-/hash.js-1.1.3.tgz#340dedbe6290187151c1ea1d777a3448935df846"
    integrity sha512-/UETyP0W22QILqS+6HowevwhEFJ3MBJnwTf75Qob9Wz9t0DPuisL8kW8YZMK62dHAKE1c1p+gY1TtOLY+USEHA==
    dependencies:
      inherits "^2.0.3"
      minimalistic-assert "^1.0.0"
  
  hash.js@^1.0.0, hash.js@^1.0.3:
    version "1.1.7"
    resolved "https://registry.yarnpkg.com/hash.js/-/hash.js-1.1.7.tgz#0babca538e8d4ee4a0f8988d68866537a003cf42"
    integrity sha512-taOaskGt4z4SOANNseOviYDvjEJinIkRgmp7LbKP2YTTmVxWBl87s/uzK9r+44BclBSp2X7K1hqeNfz9JbBeXA==
    dependencies:
      inherits "^2.0.3"
      minimalistic-assert "^1.0.1"
  
  hmac-drbg@^1.0.1:
    version "1.0.1"
    resolved "https://registry.yarnpkg.com/hmac-drbg/-/hmac-drbg-1.0.1.tgz#d2745701025a6c775a6c545793ed502fc0c649a1"
    integrity sha1-0nRXAQJabHdabFRXk+1QL8DGSaE=
    dependencies:
      hash.js "^1.0.3"
      minimalistic-assert "^1.0.0"
      minimalistic-crypto-utils "^1.0.1"
  
  inherits@^2.0.3, inherits@^2.0.4:
    version "2.0.4"
    resolved "https://registry.yarnpkg.com/inherits/-/inherits-2.0.4.tgz#0fa2c64f932917c3433a0ded55363aae37416b7c"
    integrity sha512-k/vGaX4/Yla3WzyMCvTQOXYeIHvqOKtnqBduzTHpzpQZzAskKMhZ2K+EnBiSM9zGSoIFeMpXKxa4dYeZIQqewQ==
  
  js-sha3@0.5.7:
    version "0.5.7"
    resolved "https://registry.yarnpkg.com/js-sha3/-/js-sha3-0.5.7.tgz#0d4ffd8002d5333aabaf4a23eed2f6374c9f28e7"
    integrity sha1-DU/9gALVMzqrr0oj7tL2N0yfKOc=
  
  lodash.isequal@^4.5.0:
    version "4.5.0"
    resolved "https://registry.yarnpkg.com/lodash.isequal/-/lodash.isequal-4.5.0.tgz#415c4478f2bcc30120c22ce10ed3226f7d3e18e0"
    integrity sha1-QVxEePK8wwEgwizhDtMib30+GOA=
  
  lodash.pick@4.4.0:
    version "4.4.0"
    resolved "https://registry.yarnpkg.com/lodash.pick/-/lodash.pick-4.4.0.tgz#52f05610fff9ded422611441ed1fc123a03001b3"
    integrity sha1-UvBWEP/53tQiYRRB7R/BI6AwAbM=
  
  lodash.shuffle@^4.2.0:
    version "4.2.0"
    resolved "https://registry.yarnpkg.com/lodash.shuffle/-/lodash.shuffle-4.2.0.tgz#145b5053cf875f6f5c2a33f48b6e9948c6ec7b4b"
    integrity sha1-FFtQU8+HX29cKjP0i26ZSMbse0s=
  
  make-error@^1.1.1:
    version "1.3.6"
    resolved "https://registry.yarnpkg.com/make-error/-/make-error-1.3.6.tgz#2eb2e37ea9b67c4891f684a1394799af484cf7a2"
    integrity sha512-s8UhlNe7vPKomQhC1qFelMokr/Sc3AgNbso3n74mVPA5LTZwkB9NlXf4XPamLxJE8h0gh73rM94xvwRT2CVInw==
  
  minimalistic-assert@^1.0.0, minimalistic-assert@^1.0.1:
    version "1.0.1"
    resolved "https://registry.yarnpkg.com/minimalistic-assert/-/minimalistic-assert-1.0.1.tgz#2e194de044626d4a10e7f7fbc00ce73e83e4d5c7"
    integrity sha512-UtJcAD4yEaGtjPezWuO9wC4nwUnVH/8/Im3yEHQP4b67cXlD/Qr9hdITCU1xDbSEXg2XKNaP8jsReV7vQd00/A==
  
  minimalistic-crypto-utils@^1.0.1:
    version "1.0.1"
    resolved "https://registry.yarnpkg.com/minimalistic-crypto-utils/-/minimalistic-crypto-utils-1.0.1.tgz#f6c00c1c0b082246e5c4d99dfb8c7c083b2b582a"
    integrity sha1-9sAMHAsIIkblxNmd+4x8CDsrWCo=
  
  scrypt-js@3.0.1:
    version "3.0.1"
    resolved "https://registry.yarnpkg.com/scrypt-js/-/scrypt-js-3.0.1.tgz#d314a57c2aef69d1ad98a138a21fe9eafa9ee312"
    integrity sha512-cdwTTnqPu0Hyvf5in5asVdZocVDTNRmR7XEcJuIzMjJeSHybHl7vpB66AzwTaIg6CLSbtjcxc8fqcySfnTkccA==
  
  source-map-support@^0.5.17:
    version "0.5.19"
    resolved "https://registry.yarnpkg.com/source-map-support/-/source-map-support-0.5.19.tgz#a98b62f86dcaf4f67399648c085291ab9e8fed61"
    integrity sha512-Wonm7zOCIJzBGQdB+thsPar0kYuCIzYvxZwlBa87yi/Mdjv7Tip2cyVbLj5o0cFPN4EVkuTwb3GDDyUx2DGnGw==
    dependencies:
      buffer-from "^1.0.0"
      source-map "^0.6.0"
  
  source-map@^0.6.0:
    version "0.6.1"
    resolved "https://registry.yarnpkg.com/source-map/-/source-map-0.6.1.tgz#74722af32e9614e9c287a8d0bbde48b5e2f1a263"
    integrity sha512-UjgapumWlbMhkBgzT7Ykc5YXUT46F0iKu8SGXq0bcwP5dz/h0Plj6enJqjz1Zbq2l5WaqYnrVbwWOWMyF3F47g==
  
  ts-node@^9.1.1:
    version "9.1.1"
    resolved "https://registry.yarnpkg.com/ts-node/-/ts-node-9.1.1.tgz#51a9a450a3e959401bda5f004a72d54b936d376d"
    integrity sha512-hPlt7ZACERQGf03M253ytLY3dHbGNGrAq9qIHWUY9XHYl1z7wYngSr3OQ5xmui8o2AaxsONxIzjafLUiWBo1Fg==
    dependencies:
      arg "^4.1.0"
      create-require "^1.1.0"
      diff "^4.0.1"
      make-error "^1.1.1"
      source-map-support "^0.5.17"
      yn "3.1.1"
  
  typescript@^4.2.3:
    version "4.2.3"
    resolved "https://registry.yarnpkg.com/typescript/-/typescript-4.2.3.tgz#39062d8019912d43726298f09493d598048c1ce3"
    integrity sha512-qOcYwxaByStAWrBf4x0fibwZvMRG+r4cQoTjbPtUlrWjBHbmCAww1i448U0GJ+3cNNEtebDteo/cHOR3xJ4wEw==
  
  ws@7.2.3:
    version "7.2.3"
    resolved "https://registry.yarnpkg.com/ws/-/ws-7.2.3.tgz#a5411e1fb04d5ed0efee76d26d5c46d830c39b46"
    integrity sha512-HTDl9G9hbkNDk98naoR/cHDws7+EyYMOdL1BmjsZXRUjf7d+MficC4B7HLUPlSiho0vg+CWKrGIt/VJBd1xunQ==
  
  yn@3.1.1:
    version "3.1.1"
    resolved "https://registry.yarnpkg.com/yn/-/yn-3.1.1.tgz#1e87401a09d767c1d5eab26a6e4c185182d2eb50"
    integrity sha512-Ux4ygGWsu2c7isFWe8Yu1YluJmqVhxqK2cLXNQA5AcC3QfbGNpM7fu0Y8b/z16pXLnFxZYvWhd3fhBY9DLmC6Q==
